{"uid":"75476b58ab4b678","name":"Admin updates the book with missing mandatory fields","fullName":"src/test/resources/features/update_book_api.feature:3","historyId":"b62285a0ccd8a78fa67f14ab133f2dee","time":{"start":1735832593139,"stop":1735832593233,"duration":94},"status":"failed","statusMessage":"Unexpected status code! expected [400] but found [208]","statusTrace":"java.lang.AssertionError: Unexpected status code! expected [400] but found [208]\n\tat org.testng.Assert.fail(Assert.java:110)\n\tat org.testng.Assert.failNotEquals(Assert.java:1413)\n\tat org.testng.Assert.assertEqualsImpl(Assert.java:149)\n\tat org.testng.Assert.assertEquals(Assert.java:131)\n\tat org.testng.Assert.assertEquals(Assert.java:1240)\n\tat stepdefinitions.UpdateBookApiStepDefinitions.the_response_status_code_should_be(UpdateBookApiStepDefinitions.java:36)\n\tat ✽.the response status code for Updating Book API should be 400(file:///home/runner/work/ui-api-testing/ui-api-testing/api-testing/src/test/resources/features/update_book_api.feature:9)\n","flaky":false,"newFailed":false,"newBroken":false,"newPassed":false,"retriesCount":0,"retriesStatusChange":false,"beforeStages":[],"testStage":{"status":"failed","statusMessage":"Unexpected status code! expected [400] but found [208]","statusTrace":"java.lang.AssertionError: Unexpected status code! expected [400] but found [208]\n\tat org.testng.Assert.fail(Assert.java:110)\n\tat org.testng.Assert.failNotEquals(Assert.java:1413)\n\tat org.testng.Assert.assertEqualsImpl(Assert.java:149)\n\tat org.testng.Assert.assertEquals(Assert.java:131)\n\tat org.testng.Assert.assertEquals(Assert.java:1240)\n\tat stepdefinitions.UpdateBookApiStepDefinitions.the_response_status_code_should_be(UpdateBookApiStepDefinitions.java:36)\n\tat ✽.the response status code for Updating Book API should be 400(file:///home/runner/work/ui-api-testing/ui-api-testing/api-testing/src/test/resources/features/update_book_api.feature:9)\n","steps":[{"name":"Given  admin is authenticated","time":{"start":1735832593140,"stop":1735832593140,"duration":0},"status":"passed","steps":[],"attachments":[],"parameters":[],"shouldDisplayMessage":false,"stepsCount":0,"attachmentsCount":0,"hasContent":false},{"name":"When  \"admin\" sends a PUT request to \"/api/books/1\" with the following valid data:","time":{"start":1735832593140,"stop":1735832593231,"duration":91},"status":"passed","steps":[],"attachments":[{"uid":"2dcdb5c1235bbef7","name":"Data table","source":"2dcdb5c1235bbef7.csv","type":"text/tab-separated-values","size":25}],"parameters":[],"shouldDisplayMessage":false,"stepsCount":0,"attachmentsCount":1,"hasContent":true},{"name":"Then  the response status code for Updating Book API should be 400","time":{"start":1735832593232,"stop":1735832593232,"duration":0},"status":"failed","statusMessage":"Unexpected status code! expected [400] but found [208]","statusTrace":"java.lang.AssertionError: Unexpected status code! expected [400] but found [208]\n\tat org.testng.Assert.fail(Assert.java:110)\n\tat org.testng.Assert.failNotEquals(Assert.java:1413)\n\tat org.testng.Assert.assertEqualsImpl(Assert.java:149)\n\tat org.testng.Assert.assertEquals(Assert.java:131)\n\tat org.testng.Assert.assertEquals(Assert.java:1240)\n\tat stepdefinitions.UpdateBookApiStepDefinitions.the_response_status_code_should_be(UpdateBookApiStepDefinitions.java:36)\n\tat ✽.the response status code for Updating Book API should be 400(file:///home/runner/work/ui-api-testing/ui-api-testing/api-testing/src/test/resources/features/update_book_api.feature:9)\n","steps":[],"attachments":[],"parameters":[],"shouldDisplayMessage":true,"stepsCount":0,"attachmentsCount":0,"hasContent":true}],"attachments":[],"parameters":[],"shouldDisplayMessage":false,"stepsCount":3,"attachmentsCount":1,"hasContent":true},"afterStages":[{"name":"stepdefinitions.CreateBookApiStepDefinitions.tearDown()","time":{"start":1735832593233,"stop":1735832593233,"duration":0},"status":"passed","steps":[],"attachments":[],"parameters":[],"shouldDisplayMessage":false,"stepsCount":0,"attachmentsCount":0,"hasContent":false}],"labels":[{"name":"host","value":"fv-az841-430"},{"name":"thread","value":"2311@fv-az841-430.main(1)"},{"name":"feature","value":"Update Book API Testing"},{"name":"story","value":"Admin updates the book with missing mandatory fields"},{"name":"suite","value":"Update Book API Testing"},{"name":"testClass","value":"Admin updates the book with missing mandatory fields"},{"name":"framework","value":"cucumber4jvm"},{"name":"language","value":"java"},{"name":"gherkin_uri","value":"file:///home/runner/work/ui-api-testing/ui-api-testing/api-testing/src/test/resources/features/update_book_api.feature"},{"name":"package","value":"src.test.resources.features.update_book_api_feature.Update Book API Testing"},{"name":"resultFormat","value":"allure2"}],"parameters":[],"links":[],"hidden":false,"retry":false,"extra":{"severity":"normal","retries":[],"categories":[{"name":"Product defects","matchedStatuses":[],"flaky":false}],"history":{"statistic":{"failed":8,"broken":0,"skipped":0,"passed":0,"unknown":0,"total":8},"items":[{"uid":"a8ffbfcadb027448","reportUrl":"https://seefaBanu.github.io/ui-api-testing/6//#testresult/a8ffbfcadb027448","status":"failed","statusDetails":"Unexpected status code! expected [400] but found [208]","time":{"start":1735832544739,"stop":1735832544839,"duration":100}},{"uid":"3f99a0960ddba8a7","reportUrl":"https://seefaBanu.github.io/ui-api-testing/5//#testresult/3f99a0960ddba8a7","status":"failed","statusDetails":"Unexpected status code! expected [400] but found [208]","time":{"start":1735817560076,"stop":1735817560181,"duration":105}},{"uid":"6fc8609ec24d79fd","reportUrl":"https://seefaBanu.github.io/ui-api-testing/4//#testresult/6fc8609ec24d79fd","status":"failed","statusDetails":"Unexpected status code! expected [400] but found [208]","time":{"start":1735758968801,"stop":1735758968897,"duration":96}},{"uid":"3b5938ddcccf5445","reportUrl":"https://seefaBanu.github.io/ui-api-testing/3//#testresult/3b5938ddcccf5445","status":"failed","statusDetails":"Unexpected status code! expected [400] but found [208]","time":{"start":1735758558226,"stop":1735758558321,"duration":95}},{"uid":"f2d0d58810f3a091","reportUrl":"https://seefaBanu.github.io/ui-api-testing/2//#testresult/f2d0d58810f3a091","status":"failed","statusDetails":"Unexpected status code! expected [400] but found [208]","time":{"start":1735758408898,"stop":1735758408992,"duration":94}},{"uid":"b3eb4585ddb69a94","reportUrl":"https://seefaBanu.github.io/ui-api-testing/1//#testresult/b3eb4585ddb69a94","status":"failed","statusDetails":"Unexpected status code! expected [400] but found [208]","time":{"start":1735757133798,"stop":1735757133892,"duration":94}},{"uid":"f76c20e456829d9f","reportUrl":"https://seefaBanu.github.io/ui-api-testing/17//#testresult/f76c20e456829d9f","status":"failed","statusDetails":"Unexpected status code! expected [400] but found [208]","time":{"start":1735749643473,"stop":1735749643570,"duration":97}}]},"tags":[]},"source":"75476b58ab4b678.json","parameterValues":[]}