{"uid":"608182a38d967ea2","name":"User creates a book without author","fullName":"src/test/resources/features/create_book_api.feature:17","historyId":"369f11adc875146de1a8916194b68a50","time":{"start":1735859449655,"stop":1735859449755,"duration":100},"status":"failed","statusMessage":"Unexpected status code! expected [400] but found [201]","statusTrace":"java.lang.AssertionError: Unexpected status code! expected [400] but found [201]\n\tat org.testng.Assert.fail(Assert.java:110)\n\tat org.testng.Assert.failNotEquals(Assert.java:1413)\n\tat org.testng.Assert.assertEqualsImpl(Assert.java:149)\n\tat org.testng.Assert.assertEquals(Assert.java:131)\n\tat org.testng.Assert.assertEquals(Assert.java:1240)\n\tat stepdefinitions.CreateBookApiStepDefinitions.response_status_code_for_create_api_should_be(CreateBookApiStepDefinitions.java:39)\n\tat ✽.the response status code for Create Book API should be 400(file:///home/runner/work/ui-api-testing/ui-api-testing/api-testing/src/test/resources/features/create_book_api.feature:21)\n","flaky":false,"newFailed":false,"newBroken":false,"newPassed":false,"retriesCount":0,"retriesStatusChange":false,"beforeStages":[],"testStage":{"status":"failed","statusMessage":"Unexpected status code! expected [400] but found [201]","statusTrace":"java.lang.AssertionError: Unexpected status code! expected [400] but found [201]\n\tat org.testng.Assert.fail(Assert.java:110)\n\tat org.testng.Assert.failNotEquals(Assert.java:1413)\n\tat org.testng.Assert.assertEqualsImpl(Assert.java:149)\n\tat org.testng.Assert.assertEquals(Assert.java:131)\n\tat org.testng.Assert.assertEquals(Assert.java:1240)\n\tat stepdefinitions.CreateBookApiStepDefinitions.response_status_code_for_create_api_should_be(CreateBookApiStepDefinitions.java:39)\n\tat ✽.the response status code for Create Book API should be 400(file:///home/runner/work/ui-api-testing/ui-api-testing/api-testing/src/test/resources/features/create_book_api.feature:21)\n","steps":[{"name":"Given  user is authenticated","time":{"start":1735859449656,"stop":1735859449657,"duration":1},"status":"passed","steps":[],"attachments":[],"parameters":[],"shouldDisplayMessage":false,"stepsCount":0,"attachmentsCount":0,"hasContent":false},{"name":"When  \"user\" sends a POST request to \"/api/books\" with following data:","time":{"start":1735859449657,"stop":1735859449752,"duration":95},"status":"passed","steps":[],"attachments":[{"uid":"14c6fd9f942a465a","name":"Data table","source":"14c6fd9f942a465a.csv","type":"text/tab-separated-values","size":20}],"parameters":[],"shouldDisplayMessage":false,"stepsCount":0,"attachmentsCount":1,"hasContent":true},{"name":"Then  the response status code for Create Book API should be 400","time":{"start":1735859449752,"stop":1735859449753,"duration":1},"status":"failed","statusMessage":"Unexpected status code! expected [400] but found [201]","statusTrace":"java.lang.AssertionError: Unexpected status code! expected [400] but found [201]\n\tat org.testng.Assert.fail(Assert.java:110)\n\tat org.testng.Assert.failNotEquals(Assert.java:1413)\n\tat org.testng.Assert.assertEqualsImpl(Assert.java:149)\n\tat org.testng.Assert.assertEquals(Assert.java:131)\n\tat org.testng.Assert.assertEquals(Assert.java:1240)\n\tat stepdefinitions.CreateBookApiStepDefinitions.response_status_code_for_create_api_should_be(CreateBookApiStepDefinitions.java:39)\n\tat ✽.the response status code for Create Book API should be 400(file:///home/runner/work/ui-api-testing/ui-api-testing/api-testing/src/test/resources/features/create_book_api.feature:21)\n","steps":[],"attachments":[],"parameters":[],"shouldDisplayMessage":true,"stepsCount":0,"attachmentsCount":0,"hasContent":true},{"name":"And  the response body for Create Book API should be \"Mandatory parameters should not be null\"","time":{"start":1735859449754,"stop":1735859449754,"duration":0},"status":"skipped","steps":[],"attachments":[],"parameters":[],"shouldDisplayMessage":false,"stepsCount":0,"attachmentsCount":0,"hasContent":false}],"attachments":[],"parameters":[],"shouldDisplayMessage":false,"stepsCount":4,"attachmentsCount":1,"hasContent":true},"afterStages":[],"labels":[{"name":"host","value":"fv-az1432-875"},{"name":"thread","value":"2356@fv-az1432-875.main(1)"},{"name":"feature","value":"Create Book API Testing"},{"name":"story","value":"User creates a book without author"},{"name":"suite","value":"Create Book API Testing"},{"name":"testClass","value":"User creates a book without author"},{"name":"framework","value":"cucumber4jvm"},{"name":"language","value":"java"},{"name":"gherkin_uri","value":"file:///home/runner/work/ui-api-testing/ui-api-testing/api-testing/src/test/resources/features/create_book_api.feature"},{"name":"package","value":"src.test.resources.features.create_book_api_feature.Create Book API Testing"},{"name":"resultFormat","value":"allure2"}],"parameters":[],"links":[],"hidden":false,"retry":false,"extra":{"severity":"normal","retries":[],"categories":[{"name":"Product defects","matchedStatuses":[],"flaky":false}],"history":{"statistic":{"failed":20,"broken":0,"skipped":0,"passed":0,"unknown":0,"total":20},"items":[{"uid":"be5634642c05c5f4","reportUrl":"https://seefaBanu.github.io/ui-api-testing/18//#testresult/be5634642c05c5f4","status":"failed","statusDetails":"Unexpected status code! expected [400] but found [201]","time":{"start":1735855429552,"stop":1735855429649,"duration":97}},{"uid":"7e54573aaa18cf4","reportUrl":"https://seefaBanu.github.io/ui-api-testing/17//#testresult/7e54573aaa18cf4","status":"failed","statusDetails":"Unexpected status code! expected [400] but found [201]","time":{"start":1735850911740,"stop":1735850911839,"duration":99}},{"uid":"f72251ccd82b4873","reportUrl":"https://seefaBanu.github.io/ui-api-testing/16//#testresult/f72251ccd82b4873","status":"failed","statusDetails":"Unexpected status code! expected [400] but found [201]","time":{"start":1735850840324,"stop":1735850840417,"duration":93}},{"uid":"fb5b02ab716873cc","reportUrl":"https://seefaBanu.github.io/ui-api-testing/15//#testresult/fb5b02ab716873cc","status":"failed","statusDetails":"Unexpected status code! expected [400] but found [201]","time":{"start":1735849549206,"stop":1735849549300,"duration":94}},{"uid":"228b8eca0640d6f5","reportUrl":"https://seefaBanu.github.io/ui-api-testing/14//#testresult/228b8eca0640d6f5","status":"failed","statusDetails":"Unexpected status code! expected [400] but found [201]","time":{"start":1735849542835,"stop":1735849542930,"duration":95}},{"uid":"afda8c483d4d83be","reportUrl":"https://seefaBanu.github.io/ui-api-testing/13//#testresult/afda8c483d4d83be","status":"failed","statusDetails":"Unexpected status code! expected [400] but found [201]","time":{"start":1735849036635,"stop":1735849036732,"duration":97}},{"uid":"d974a290fedcaa08","reportUrl":"https://seefaBanu.github.io/ui-api-testing/12//#testresult/d974a290fedcaa08","status":"failed","statusDetails":"Unexpected status code! expected [400] but found [201]","time":{"start":1735849012467,"stop":1735849012562,"duration":95}},{"uid":"b4db78daeaed9735","reportUrl":"https://seefaBanu.github.io/ui-api-testing/11//#testresult/b4db78daeaed9735","status":"failed","statusDetails":"Unexpected status code! expected [400] but found [201]","time":{"start":1735840221431,"stop":1735840221529,"duration":98}},{"uid":"e18657f75d601739","reportUrl":"https://seefaBanu.github.io/ui-api-testing/9//#testresult/e18657f75d601739","status":"failed","statusDetails":"Unexpected status code! expected [400] but found [201]","time":{"start":1735838800366,"stop":1735838800460,"duration":94}},{"uid":"ab1ea2ed0661c6d","reportUrl":"https://seefaBanu.github.io/ui-api-testing/10//#testresult/ab1ea2ed0661c6d","status":"failed","statusDetails":"Unexpected status code! expected [400] but found [201]","time":{"start":1735838948291,"stop":1735838948389,"duration":98}},{"uid":"46a4966ba9c6f0a7","reportUrl":"https://seefaBanu.github.io/ui-api-testing/8//#testresult/46a4966ba9c6f0a7","status":"failed","statusDetails":"Unexpected status code! expected [400] but found [201]","time":{"start":1735838438534,"stop":1735838438631,"duration":97}},{"uid":"f7301bfab0b36e43","reportUrl":"https://seefaBanu.github.io/ui-api-testing/7//#testresult/f7301bfab0b36e43","status":"failed","statusDetails":"Unexpected status code! expected [400] but found [201]","time":{"start":1735832592415,"stop":1735832592511,"duration":96}},{"uid":"3b93e18f0bc95113","reportUrl":"https://seefaBanu.github.io/ui-api-testing/6//#testresult/3b93e18f0bc95113","status":"failed","statusDetails":"Unexpected status code! expected [400] but found [201]","time":{"start":1735832544003,"stop":1735832544099,"duration":96}},{"uid":"4bf5f4c42411efd4","reportUrl":"https://seefaBanu.github.io/ui-api-testing/5//#testresult/4bf5f4c42411efd4","status":"failed","statusDetails":"Unexpected status code! expected [400] but found [201]","time":{"start":1735817559346,"stop":1735817559443,"duration":97}},{"uid":"7510364b590b27be","reportUrl":"https://seefaBanu.github.io/ui-api-testing/4//#testresult/7510364b590b27be","status":"failed","statusDetails":"Unexpected status code! expected [400] but found [201]","time":{"start":1735758968076,"stop":1735758968170,"duration":94}},{"uid":"daa75e5cec137f34","reportUrl":"https://seefaBanu.github.io/ui-api-testing/3//#testresult/daa75e5cec137f34","status":"failed","statusDetails":"Unexpected status code! expected [400] but found [201]","time":{"start":1735758557455,"stop":1735758557551,"duration":96}},{"uid":"ae870f44abb609b4","reportUrl":"https://seefaBanu.github.io/ui-api-testing/2//#testresult/ae870f44abb609b4","status":"failed","statusDetails":"Unexpected status code! expected [400] but found [201]","time":{"start":1735758408170,"stop":1735758408265,"duration":95}},{"uid":"5dfabaa64354831e","reportUrl":"https://seefaBanu.github.io/ui-api-testing/1//#testresult/5dfabaa64354831e","status":"failed","statusDetails":"Unexpected status code! expected [400] but found [201]","time":{"start":1735757133055,"stop":1735757133152,"duration":97}},{"uid":"8c7fb179df0188a","reportUrl":"https://seefaBanu.github.io/ui-api-testing/17//#testresult/8c7fb179df0188a","status":"failed","statusDetails":"Unexpected status code! expected [400] but found [201]","time":{"start":1735749642743,"stop":1735749642849,"duration":106}}]},"tags":[]},"source":"608182a38d967ea2.json","parameterValues":[]}