{"uid":"2f1ec92f42f2074a","name":"Admin updates the book with missing mandatory fields","fullName":"src/test/resources/features/update_book_api.feature:11","historyId":"559d12f665f4af67484dad6bac51b172","time":{"start":1735911742327,"stop":1735911742417,"duration":90},"status":"failed","statusMessage":"Unexpected status code! expected [400] but found [208]","statusTrace":"java.lang.AssertionError: Unexpected status code! expected [400] but found [208]\n\tat org.testng.Assert.fail(Assert.java:110)\n\tat org.testng.Assert.failNotEquals(Assert.java:1413)\n\tat org.testng.Assert.assertEqualsImpl(Assert.java:149)\n\tat org.testng.Assert.assertEquals(Assert.java:131)\n\tat org.testng.Assert.assertEquals(Assert.java:1240)\n\tat stepdefinitions.UpdateBookApiStepDefinitions.the_response_status_code_should_be(UpdateBookApiStepDefinitions.java:36)\n\tat ✽.the response status code for Updating Book API should be 400(file:///home/runner/work/ui-api-testing/ui-api-testing/api-testing/src/test/resources/features/update_book_api.feature:17)\n","flaky":false,"newFailed":false,"newBroken":false,"newPassed":false,"retriesCount":0,"retriesStatusChange":false,"beforeStages":[],"testStage":{"status":"failed","statusMessage":"Unexpected status code! expected [400] but found [208]","statusTrace":"java.lang.AssertionError: Unexpected status code! expected [400] but found [208]\n\tat org.testng.Assert.fail(Assert.java:110)\n\tat org.testng.Assert.failNotEquals(Assert.java:1413)\n\tat org.testng.Assert.assertEqualsImpl(Assert.java:149)\n\tat org.testng.Assert.assertEquals(Assert.java:131)\n\tat org.testng.Assert.assertEquals(Assert.java:1240)\n\tat stepdefinitions.UpdateBookApiStepDefinitions.the_response_status_code_should_be(UpdateBookApiStepDefinitions.java:36)\n\tat ✽.the response status code for Updating Book API should be 400(file:///home/runner/work/ui-api-testing/ui-api-testing/api-testing/src/test/resources/features/update_book_api.feature:17)\n","steps":[{"name":"Given  admin is authenticated","time":{"start":1735911742327,"stop":1735911742328,"duration":1},"status":"passed","steps":[],"attachments":[],"parameters":[],"shouldDisplayMessage":false,"stepsCount":0,"attachmentsCount":0,"hasContent":false},{"name":"When  \"admin\" sends a PUT request to \"/api/books/1\" with the following valid data:","time":{"start":1735911742328,"stop":1735911742415,"duration":87},"status":"passed","steps":[],"attachments":[{"uid":"c83234ae09a32bb5","name":"Data table","source":"c83234ae09a32bb5.csv","type":"text/tab-separated-values","size":37}],"parameters":[],"shouldDisplayMessage":false,"stepsCount":0,"attachmentsCount":1,"hasContent":true},{"name":"Then  the response status code for Updating Book API should be 400","time":{"start":1735911742415,"stop":1735911742416,"duration":1},"status":"failed","statusMessage":"Unexpected status code! expected [400] but found [208]","statusTrace":"java.lang.AssertionError: Unexpected status code! expected [400] but found [208]\n\tat org.testng.Assert.fail(Assert.java:110)\n\tat org.testng.Assert.failNotEquals(Assert.java:1413)\n\tat org.testng.Assert.assertEqualsImpl(Assert.java:149)\n\tat org.testng.Assert.assertEquals(Assert.java:131)\n\tat org.testng.Assert.assertEquals(Assert.java:1240)\n\tat stepdefinitions.UpdateBookApiStepDefinitions.the_response_status_code_should_be(UpdateBookApiStepDefinitions.java:36)\n\tat ✽.the response status code for Updating Book API should be 400(file:///home/runner/work/ui-api-testing/ui-api-testing/api-testing/src/test/resources/features/update_book_api.feature:17)\n","steps":[],"attachments":[],"parameters":[],"shouldDisplayMessage":true,"stepsCount":0,"attachmentsCount":0,"hasContent":true}],"attachments":[],"parameters":[],"shouldDisplayMessage":false,"stepsCount":3,"attachmentsCount":1,"hasContent":true},"afterStages":[],"labels":[{"name":"host","value":"fv-az1116-183"},{"name":"thread","value":"2261@fv-az1116-183.main(1)"},{"name":"feature","value":"Update Book API Testing"},{"name":"story","value":"Admin updates the book with missing mandatory fields"},{"name":"suite","value":"Update Book API Testing"},{"name":"testClass","value":"Admin updates the book with missing mandatory fields"},{"name":"framework","value":"cucumber4jvm"},{"name":"language","value":"java"},{"name":"gherkin_uri","value":"file:///home/runner/work/ui-api-testing/ui-api-testing/api-testing/src/test/resources/features/update_book_api.feature"},{"name":"package","value":"src.test.resources.features.update_book_api_feature.Update Book API Testing"},{"name":"resultFormat","value":"allure2"}],"parameters":[],"links":[],"hidden":false,"retry":false,"extra":{"severity":"normal","retries":[],"categories":[{"name":"Product defects","matchedStatuses":[],"flaky":false}],"history":{"statistic":{"failed":4,"broken":0,"skipped":0,"passed":0,"unknown":0,"total":4},"items":[{"uid":"87ce55229e200958","reportUrl":"https://seefaBanu.github.io/ui-api-testing/27//#testresult/87ce55229e200958","status":"failed","statusDetails":"Unexpected status code! expected [400] but found [404]","time":{"start":1735908494327,"stop":1735908494416,"duration":89}},{"uid":"a346074e4f482c6c","reportUrl":"https://seefaBanu.github.io/ui-api-testing/26//#testresult/a346074e4f482c6c","status":"failed","statusDetails":"Unexpected status code! expected [400] but found [404]","time":{"start":1735908460787,"stop":1735908460876,"duration":89}},{"uid":"5922afc9ea4f59de","reportUrl":"https://seefaBanu.github.io/ui-api-testing/25//#testresult/5922afc9ea4f59de","status":"failed","statusDetails":"Unexpected status code! expected [400] but found [404]","time":{"start":1735908418744,"stop":1735908418835,"duration":91}}]},"tags":[]},"source":"2f1ec92f42f2074a.json","parameterValues":[]}