{"uid":"b9ecb060656dd098","name":"User creates a book with an empty author and title","fullName":"src/test/resources/features/create_book_api.feature:38","historyId":"4dec33cf0ef071a638aae3f41f0b5cf","time":{"start":1735911740393,"stop":1735911740486,"duration":93},"status":"failed","statusMessage":"Unexpected status code! expected [400] but found [201]","statusTrace":"java.lang.AssertionError: Unexpected status code! expected [400] but found [201]\n\tat org.testng.Assert.fail(Assert.java:110)\n\tat org.testng.Assert.failNotEquals(Assert.java:1413)\n\tat org.testng.Assert.assertEqualsImpl(Assert.java:149)\n\tat org.testng.Assert.assertEquals(Assert.java:131)\n\tat org.testng.Assert.assertEquals(Assert.java:1240)\n\tat stepdefinitions.CreateBookApiStepDefinitions.response_status_code_for_create_api_should_be(CreateBookApiStepDefinitions.java:42)\n\tat ✽.the response status code for Create Book API should be 400(file:///home/runner/work/ui-api-testing/ui-api-testing/api-testing/src/test/resources/features/create_book_api.feature:43)\n","flaky":false,"newFailed":false,"newBroken":false,"newPassed":false,"retriesCount":0,"retriesStatusChange":false,"beforeStages":[],"testStage":{"status":"failed","statusMessage":"Unexpected status code! expected [400] but found [201]","statusTrace":"java.lang.AssertionError: Unexpected status code! expected [400] but found [201]\n\tat org.testng.Assert.fail(Assert.java:110)\n\tat org.testng.Assert.failNotEquals(Assert.java:1413)\n\tat org.testng.Assert.assertEqualsImpl(Assert.java:149)\n\tat org.testng.Assert.assertEquals(Assert.java:131)\n\tat org.testng.Assert.assertEquals(Assert.java:1240)\n\tat stepdefinitions.CreateBookApiStepDefinitions.response_status_code_for_create_api_should_be(CreateBookApiStepDefinitions.java:42)\n\tat ✽.the response status code for Create Book API should be 400(file:///home/runner/work/ui-api-testing/ui-api-testing/api-testing/src/test/resources/features/create_book_api.feature:43)\n","steps":[{"name":"Given  user is authenticated","time":{"start":1735911740393,"stop":1735911740394,"duration":1},"status":"passed","steps":[],"attachments":[],"parameters":[],"shouldDisplayMessage":false,"stepsCount":0,"attachmentsCount":0,"hasContent":false},{"name":"When  \"user\" sends a POST request to \"/api/books\" with following data:","time":{"start":1735911740394,"stop":1735911740483,"duration":89},"status":"passed","steps":[],"attachments":[{"uid":"ced69382f4264a24","name":"Data table","source":"ced69382f4264a24.csv","type":"text/tab-separated-values","size":39}],"parameters":[],"shouldDisplayMessage":false,"stepsCount":0,"attachmentsCount":1,"hasContent":true},{"name":"Then  the response status code for Create Book API should be 400","time":{"start":1735911740484,"stop":1735911740485,"duration":1},"status":"failed","statusMessage":"Unexpected status code! expected [400] but found [201]","statusTrace":"java.lang.AssertionError: Unexpected status code! expected [400] but found [201]\n\tat org.testng.Assert.fail(Assert.java:110)\n\tat org.testng.Assert.failNotEquals(Assert.java:1413)\n\tat org.testng.Assert.assertEqualsImpl(Assert.java:149)\n\tat org.testng.Assert.assertEquals(Assert.java:131)\n\tat org.testng.Assert.assertEquals(Assert.java:1240)\n\tat stepdefinitions.CreateBookApiStepDefinitions.response_status_code_for_create_api_should_be(CreateBookApiStepDefinitions.java:42)\n\tat ✽.the response status code for Create Book API should be 400(file:///home/runner/work/ui-api-testing/ui-api-testing/api-testing/src/test/resources/features/create_book_api.feature:43)\n","steps":[],"attachments":[],"parameters":[],"shouldDisplayMessage":true,"stepsCount":0,"attachmentsCount":0,"hasContent":true}],"attachments":[],"parameters":[],"shouldDisplayMessage":false,"stepsCount":3,"attachmentsCount":1,"hasContent":true},"afterStages":[],"labels":[{"name":"host","value":"fv-az1116-183"},{"name":"thread","value":"2261@fv-az1116-183.main(1)"},{"name":"feature","value":"Create Book API Testing"},{"name":"story","value":"User creates a book with an empty author and title"},{"name":"suite","value":"Create Book API Testing"},{"name":"testClass","value":"User creates a book with an empty author and title"},{"name":"framework","value":"cucumber4jvm"},{"name":"language","value":"java"},{"name":"gherkin_uri","value":"file:///home/runner/work/ui-api-testing/ui-api-testing/api-testing/src/test/resources/features/create_book_api.feature"},{"name":"package","value":"src.test.resources.features.create_book_api_feature.Create Book API Testing"},{"name":"resultFormat","value":"allure2"}],"parameters":[],"links":[],"hidden":false,"retry":false,"extra":{"severity":"normal","retries":[],"categories":[{"name":"Product defects","matchedStatuses":[],"flaky":false}],"history":{"statistic":{"failed":1,"broken":0,"skipped":14,"passed":0,"unknown":0,"total":15},"items":[{"uid":"70dee2f465734d8c","reportUrl":"https://seefaBanu.github.io/ui-api-testing/27//#testresult/70dee2f465734d8c","status":"skipped","statusDetails":"Undefined Step. Please add step definition","time":{"start":1735908492596,"stop":1735908492600,"duration":4}},{"uid":"52f46ad7bdae94c","reportUrl":"https://seefaBanu.github.io/ui-api-testing/26//#testresult/52f46ad7bdae94c","status":"skipped","statusDetails":"Undefined Step. Please add step definition","time":{"start":1735908459052,"stop":1735908459055,"duration":3}},{"uid":"e5b27e4750b393e6","reportUrl":"https://seefaBanu.github.io/ui-api-testing/25//#testresult/e5b27e4750b393e6","status":"skipped","statusDetails":"Undefined Step. Please add step definition","time":{"start":1735908417068,"stop":1735908417072,"duration":4}},{"uid":"e712334e3351665f","reportUrl":"https://seefaBanu.github.io/ui-api-testing/24//#testresult/e712334e3351665f","status":"skipped","statusDetails":"Undefined Step. Please add step definition","time":{"start":1735895030770,"stop":1735895030774,"duration":4}},{"uid":"47c99cb72c7f1fb6","reportUrl":"https://seefaBanu.github.io/ui-api-testing/23//#testresult/47c99cb72c7f1fb6","status":"skipped","statusDetails":"Undefined Step. Please add step definition","time":{"start":1735892016059,"stop":1735892016065,"duration":6}},{"uid":"9d1026ca04573471","reportUrl":"https://seefaBanu.github.io/ui-api-testing/22//#testresult/9d1026ca04573471","status":"skipped","statusDetails":"Undefined Step. Please add step definition","time":{"start":1735891990338,"stop":1735891990342,"duration":4}},{"uid":"9b7931233223368d","reportUrl":"https://seefaBanu.github.io/ui-api-testing/21//#testresult/9b7931233223368d","status":"skipped","statusDetails":"Undefined Step. Please add step definition","time":{"start":1735860304551,"stop":1735860304555,"duration":4}},{"uid":"b123c0544db6be8","reportUrl":"https://seefaBanu.github.io/ui-api-testing/20//#testresult/b123c0544db6be8","status":"skipped","statusDetails":"Undefined Step. Please add step definition","time":{"start":1735859678251,"stop":1735859678254,"duration":3}},{"uid":"231aeb8a55efd801","reportUrl":"https://seefaBanu.github.io/ui-api-testing/19//#testresult/231aeb8a55efd801","status":"skipped","statusDetails":"Undefined Step. Please add step definition","time":{"start":1735859449937,"stop":1735859449941,"duration":4}},{"uid":"fe39a626edc22faa","reportUrl":"https://seefaBanu.github.io/ui-api-testing/18//#testresult/fe39a626edc22faa","status":"skipped","statusDetails":"Undefined Step. Please add step definition","time":{"start":1735855429848,"stop":1735855429852,"duration":4}},{"uid":"a963c5d148435428","reportUrl":"https://seefaBanu.github.io/ui-api-testing/17//#testresult/a963c5d148435428","status":"skipped","statusDetails":"Undefined Step. Please add step definition","time":{"start":1735850912031,"stop":1735850912034,"duration":3}},{"uid":"42185bc5f622fdbe","reportUrl":"https://seefaBanu.github.io/ui-api-testing/16//#testresult/42185bc5f622fdbe","status":"skipped","statusDetails":"Undefined Step. Please add step definition","time":{"start":1735850840590,"stop":1735850840593,"duration":3}},{"uid":"9a82c36171c93a30","reportUrl":"https://seefaBanu.github.io/ui-api-testing/15//#testresult/9a82c36171c93a30","status":"skipped","statusDetails":"Undefined Step. Please add step definition","time":{"start":1735849549480,"stop":1735849549483,"duration":3}},{"uid":"b1cc89208fa41700","reportUrl":"https://seefaBanu.github.io/ui-api-testing/14//#testresult/b1cc89208fa41700","status":"skipped","statusDetails":"Undefined Step. Please add step definition","time":{"start":1735849543133,"stop":1735849543138,"duration":5}}]},"tags":[]},"source":"b9ecb060656dd098.json","parameterValues":[]}