{"uid":"126a3ca504c0303b","name":"User creates a book without title","fullName":"src/test/resources/features/create_book_api.feature:10","historyId":"be09dad63b894a1eafa5949812d06436","time":{"start":1735757132931,"stop":1735757133040,"duration":109},"status":"failed","statusMessage":"Unexpected status code! expected [400] but found [201]","statusTrace":"java.lang.AssertionError: Unexpected status code! expected [400] but found [201]\n\tat org.testng.Assert.fail(Assert.java:110)\n\tat org.testng.Assert.failNotEquals(Assert.java:1413)\n\tat org.testng.Assert.assertEqualsImpl(Assert.java:149)\n\tat org.testng.Assert.assertEquals(Assert.java:131)\n\tat org.testng.Assert.assertEquals(Assert.java:1240)\n\tat stepdefinitions.CreateBookApiStepDefinitions.response_status_code_for_create_api_should_be(CreateBookApiStepDefinitions.java:45)\n\tat ✽.the response status code for Create Book API should be 400(file:///home/runner/work/ui-api-testing/ui-api-testing/api-testing/src/test/resources/features/create_book_api.feature:14)\n","flaky":false,"newFailed":false,"newBroken":false,"newPassed":false,"retriesCount":0,"retriesStatusChange":false,"beforeStages":[],"testStage":{"status":"failed","statusMessage":"Unexpected status code! expected [400] but found [201]","statusTrace":"java.lang.AssertionError: Unexpected status code! expected [400] but found [201]\n\tat org.testng.Assert.fail(Assert.java:110)\n\tat org.testng.Assert.failNotEquals(Assert.java:1413)\n\tat org.testng.Assert.assertEqualsImpl(Assert.java:149)\n\tat org.testng.Assert.assertEquals(Assert.java:131)\n\tat org.testng.Assert.assertEquals(Assert.java:1240)\n\tat stepdefinitions.CreateBookApiStepDefinitions.response_status_code_for_create_api_should_be(CreateBookApiStepDefinitions.java:45)\n\tat ✽.the response status code for Create Book API should be 400(file:///home/runner/work/ui-api-testing/ui-api-testing/api-testing/src/test/resources/features/create_book_api.feature:14)\n","steps":[{"name":"Given  user is authenticated","time":{"start":1735757132931,"stop":1735757132935,"duration":4},"status":"passed","steps":[],"attachments":[],"parameters":[],"shouldDisplayMessage":false,"stepsCount":0,"attachmentsCount":0,"hasContent":false},{"name":"When  user sends a POST request to \"/api/books\" without mandatory field","time":{"start":1735757132935,"stop":1735757133031,"duration":96},"status":"passed","steps":[],"attachments":[{"uid":"ce4a810559ba5de8","name":"Data table","source":"ce4a810559ba5de8.csv","type":"text/tab-separated-values","size":15}],"parameters":[],"shouldDisplayMessage":false,"stepsCount":0,"attachmentsCount":1,"hasContent":true},{"name":"Then  the response status code for Create Book API should be 400","time":{"start":1735757133032,"stop":1735757133038,"duration":6},"status":"failed","statusMessage":"Unexpected status code! expected [400] but found [201]","statusTrace":"java.lang.AssertionError: Unexpected status code! expected [400] but found [201]\n\tat org.testng.Assert.fail(Assert.java:110)\n\tat org.testng.Assert.failNotEquals(Assert.java:1413)\n\tat org.testng.Assert.assertEqualsImpl(Assert.java:149)\n\tat org.testng.Assert.assertEquals(Assert.java:131)\n\tat org.testng.Assert.assertEquals(Assert.java:1240)\n\tat stepdefinitions.CreateBookApiStepDefinitions.response_status_code_for_create_api_should_be(CreateBookApiStepDefinitions.java:45)\n\tat ✽.the response status code for Create Book API should be 400(file:///home/runner/work/ui-api-testing/ui-api-testing/api-testing/src/test/resources/features/create_book_api.feature:14)\n","steps":[],"attachments":[],"parameters":[],"shouldDisplayMessage":true,"stepsCount":0,"attachmentsCount":0,"hasContent":true},{"name":"And  the response body for Create Book API should be \"Mandatory parameters should not be null\"","time":{"start":1735757133039,"stop":1735757133039,"duration":0},"status":"skipped","steps":[],"attachments":[],"parameters":[],"shouldDisplayMessage":false,"stepsCount":0,"attachmentsCount":0,"hasContent":false}],"attachments":[],"parameters":[],"shouldDisplayMessage":false,"stepsCount":4,"attachmentsCount":1,"hasContent":true},"afterStages":[{"name":"stepdefinitions.CreateBookApiStepDefinitions.tearDown()","time":{"start":1735757133039,"stop":1735757133039,"duration":0},"status":"passed","steps":[],"attachments":[],"parameters":[],"shouldDisplayMessage":false,"stepsCount":0,"attachmentsCount":0,"hasContent":false}],"labels":[{"name":"host","value":"fv-az1210-614"},{"name":"thread","value":"2341@fv-az1210-614.main(1)"},{"name":"feature","value":"Create Book API Testing"},{"name":"story","value":"User creates a book without title"},{"name":"suite","value":"Create Book API Testing"},{"name":"testClass","value":"User creates a book without title"},{"name":"framework","value":"cucumber4jvm"},{"name":"language","value":"java"},{"name":"gherkin_uri","value":"file:///home/runner/work/ui-api-testing/ui-api-testing/api-testing/src/test/resources/features/create_book_api.feature"},{"name":"package","value":"src.test.resources.features.create_book_api_feature.Create Book API Testing"},{"name":"resultFormat","value":"allure2"}],"parameters":[],"links":[],"hidden":false,"retry":false,"extra":{"severity":"normal","retries":[],"categories":[{"name":"Product defects","matchedStatuses":[],"flaky":false}],"history":{"statistic":{"failed":2,"broken":0,"skipped":0,"passed":0,"unknown":0,"total":2},"items":[{"uid":"c81ec6d43735f87d","reportUrl":"https://seefaBanu.github.io/ui-api-testing/17//#testresult/c81ec6d43735f87d","status":"failed","statusDetails":"Unexpected status code! expected [400] but found [201]","time":{"start":1735749642625,"stop":1735749642732,"duration":107}}]},"tags":[]},"source":"126a3ca504c0303b.json","parameterValues":[]}