{"uid":"56871a12bffe1c8","name":"Admin updates the details of a book","fullName":"src/test/resources/features/update_book_api.feature:12","historyId":"64e349a9bfaba41fd92ebad79208538a","time":{"start":1735757133898,"stop":1735757133988,"duration":90},"status":"failed","statusMessage":"Unexpected status code! expected [200] but found [404]","statusTrace":"java.lang.AssertionError: Unexpected status code! expected [200] but found [404]\n\tat org.testng.Assert.fail(Assert.java:110)\n\tat org.testng.Assert.failNotEquals(Assert.java:1413)\n\tat org.testng.Assert.assertEqualsImpl(Assert.java:149)\n\tat org.testng.Assert.assertEquals(Assert.java:131)\n\tat org.testng.Assert.assertEquals(Assert.java:1240)\n\tat stepdefinitions.UpdateBookApiStepDefinitions.the_response_status_code_should_be(UpdateBookApiStepDefinitions.java:36)\n\tat ✽.the response status code for Updating Book API should be 200(file:///home/runner/work/ui-api-testing/ui-api-testing/api-testing/src/test/resources/features/update_book_api.feature:18)\n","flaky":false,"newFailed":false,"newBroken":false,"newPassed":false,"retriesCount":0,"retriesStatusChange":false,"beforeStages":[],"testStage":{"status":"failed","statusMessage":"Unexpected status code! expected [200] but found [404]","statusTrace":"java.lang.AssertionError: Unexpected status code! expected [200] but found [404]\n\tat org.testng.Assert.fail(Assert.java:110)\n\tat org.testng.Assert.failNotEquals(Assert.java:1413)\n\tat org.testng.Assert.assertEqualsImpl(Assert.java:149)\n\tat org.testng.Assert.assertEquals(Assert.java:131)\n\tat org.testng.Assert.assertEquals(Assert.java:1240)\n\tat stepdefinitions.UpdateBookApiStepDefinitions.the_response_status_code_should_be(UpdateBookApiStepDefinitions.java:36)\n\tat ✽.the response status code for Updating Book API should be 200(file:///home/runner/work/ui-api-testing/ui-api-testing/api-testing/src/test/resources/features/update_book_api.feature:18)\n","steps":[{"name":"Given  admin is authenticated","time":{"start":1735757133898,"stop":1735757133898,"duration":0},"status":"passed","steps":[],"attachments":[],"parameters":[],"shouldDisplayMessage":false,"stepsCount":0,"attachmentsCount":0,"hasContent":false},{"name":"When  \"admin\" sends a PUT request to \"/api/books/1\" with the following valid data:","time":{"start":1735757133898,"stop":1735757133986,"duration":88},"status":"passed","steps":[],"attachments":[{"uid":"bd71170b567d177","name":"Data table","source":"bd71170b567d177.csv","type":"text/tab-separated-values","size":35}],"parameters":[],"shouldDisplayMessage":false,"stepsCount":0,"attachmentsCount":1,"hasContent":true},{"name":"Then  the response status code for Updating Book API should be 200","time":{"start":1735757133987,"stop":1735757133988,"duration":1},"status":"failed","statusMessage":"Unexpected status code! expected [200] but found [404]","statusTrace":"java.lang.AssertionError: Unexpected status code! expected [200] but found [404]\n\tat org.testng.Assert.fail(Assert.java:110)\n\tat org.testng.Assert.failNotEquals(Assert.java:1413)\n\tat org.testng.Assert.assertEqualsImpl(Assert.java:149)\n\tat org.testng.Assert.assertEquals(Assert.java:131)\n\tat org.testng.Assert.assertEquals(Assert.java:1240)\n\tat stepdefinitions.UpdateBookApiStepDefinitions.the_response_status_code_should_be(UpdateBookApiStepDefinitions.java:36)\n\tat ✽.the response status code for Updating Book API should be 200(file:///home/runner/work/ui-api-testing/ui-api-testing/api-testing/src/test/resources/features/update_book_api.feature:18)\n","steps":[],"attachments":[],"parameters":[],"shouldDisplayMessage":true,"stepsCount":0,"attachmentsCount":0,"hasContent":true}],"attachments":[],"parameters":[],"shouldDisplayMessage":false,"stepsCount":3,"attachmentsCount":1,"hasContent":true},"afterStages":[{"name":"stepdefinitions.CreateBookApiStepDefinitions.tearDown()","time":{"start":1735757133988,"stop":1735757133988,"duration":0},"status":"passed","steps":[],"attachments":[],"parameters":[],"shouldDisplayMessage":false,"stepsCount":0,"attachmentsCount":0,"hasContent":false}],"labels":[{"name":"host","value":"fv-az1210-614"},{"name":"thread","value":"2341@fv-az1210-614.main(1)"},{"name":"feature","value":"Update Book API Testing"},{"name":"story","value":"Admin updates the details of a book"},{"name":"suite","value":"Update Book API Testing"},{"name":"testClass","value":"Admin updates the details of a book"},{"name":"framework","value":"cucumber4jvm"},{"name":"language","value":"java"},{"name":"gherkin_uri","value":"file:///home/runner/work/ui-api-testing/ui-api-testing/api-testing/src/test/resources/features/update_book_api.feature"},{"name":"package","value":"src.test.resources.features.update_book_api_feature.Update Book API Testing"},{"name":"resultFormat","value":"allure2"}],"parameters":[],"links":[],"hidden":false,"retry":false,"extra":{"severity":"normal","retries":[],"categories":[{"name":"Product defects","matchedStatuses":[],"flaky":false}],"history":{"statistic":{"failed":2,"broken":0,"skipped":0,"passed":0,"unknown":0,"total":2},"items":[{"uid":"e6f3c7337f3b916f","reportUrl":"https://seefaBanu.github.io/ui-api-testing/17//#testresult/e6f3c7337f3b916f","status":"failed","statusDetails":"Unexpected status code! expected [200] but found [404]","time":{"start":1735749643576,"stop":1735749643665,"duration":89}}]},"tags":[]},"source":"56871a12bffe1c8.json","parameterValues":[]}